d:\sungeui\openccl\metis-4.0\lib\debug\vc120.pdb
d:\sungeui\openccl\metis-4.0\lib\debug\vc120.idb
d:\sungeui\openccl\metis-4.0\lib\debug\mkwayrefine.obj
d:\sungeui\openccl\metis-4.0\lib\debug\mmatch.obj
d:\sungeui\openccl\metis-4.0\lib\debug\mmd.obj
d:\sungeui\openccl\metis-4.0\lib\debug\mpmetis.obj
d:\sungeui\openccl\metis-4.0\lib\debug\mrefine.obj
d:\sungeui\openccl\metis-4.0\lib\debug\mrefine2.obj
d:\sungeui\openccl\metis-4.0\lib\debug\mutil.obj
d:\sungeui\openccl\metis-4.0\lib\debug\myqsort.obj
d:\sungeui\openccl\metis-4.0\lib\debug\ometis.obj
d:\sungeui\openccl\metis-4.0\lib\debug\parmetis.obj
d:\sungeui\openccl\metis-4.0\lib\debug\pmetis.obj
d:\sungeui\openccl\metis-4.0\lib\debug\pqueue.obj
d:\sungeui\openccl\metis-4.0\lib\debug\refine.obj
d:\sungeui\openccl\metis-4.0\lib\debug\separator.obj
d:\sungeui\openccl\metis-4.0\lib\debug\sfm.obj
d:\sungeui\openccl\metis-4.0\lib\debug\srefine.obj
d:\sungeui\openccl\metis-4.0\lib\debug\stat.obj
d:\sungeui\openccl\metis-4.0\lib\debug\subdomains.obj
d:\sungeui\openccl\metis-4.0\lib\debug\timing.obj
d:\sungeui\openccl\metis-4.0\lib\debug\util.obj
d:\sungeui\openccl\metis-4.0\lib\debug\kmetis.obj
d:\sungeui\openccl\metis-4.0\lib\debug\kvmetis.obj
d:\sungeui\openccl\metis-4.0\lib\debug\kwayfm.obj
d:\sungeui\openccl\metis-4.0\lib\debug\kwayrefine.obj
d:\sungeui\openccl\metis-4.0\lib\debug\kwayvolfm.obj
d:\sungeui\openccl\metis-4.0\lib\debug\kwayvolrefine.obj
d:\sungeui\openccl\metis-4.0\lib\debug\match.obj
d:\sungeui\openccl\metis-4.0\lib\debug\mbalance.obj
d:\sungeui\openccl\metis-4.0\lib\debug\mbalance2.obj
d:\sungeui\openccl\metis-4.0\lib\debug\mcoarsen.obj
d:\sungeui\openccl\metis-4.0\lib\debug\memory.obj
d:\sungeui\openccl\metis-4.0\lib\debug\mesh.obj
d:\sungeui\openccl\metis-4.0\lib\debug\meshpart.obj
d:\sungeui\openccl\metis-4.0\lib\debug\mfm.obj
d:\sungeui\openccl\metis-4.0\lib\debug\mfm2.obj
d:\sungeui\openccl\metis-4.0\lib\debug\mincover.obj
d:\sungeui\openccl\metis-4.0\lib\debug\minitpart.obj
d:\sungeui\openccl\metis-4.0\lib\debug\minitpart2.obj
d:\sungeui\openccl\metis-4.0\lib\debug\mkmetis.obj
d:\sungeui\openccl\metis-4.0\lib\debug\mkwayfmh.obj
d:\sungeui\openccl\metis-4.0\lib\debug\balance.obj
d:\sungeui\openccl\metis-4.0\lib\debug\bucketsort.obj
d:\sungeui\openccl\metis-4.0\lib\debug\ccgraph.obj
d:\sungeui\openccl\metis-4.0\lib\debug\coarsen.obj
d:\sungeui\openccl\metis-4.0\lib\debug\compress.obj
d:\sungeui\openccl\metis-4.0\lib\debug\debug.obj
d:\sungeui\openccl\metis-4.0\lib\debug\estmem.obj
d:\sungeui\openccl\metis-4.0\lib\debug\fm.obj
d:\sungeui\openccl\metis-4.0\lib\debug\fortran.obj
d:\sungeui\openccl\metis-4.0\lib\debug\frename.obj
d:\sungeui\openccl\metis-4.0\lib\debug\graph.obj
d:\sungeui\openccl\metis-4.0\lib\debug\initpart.obj
d:\sungeui\openccl\metis-4.0\lib\debug\metis.lib
d:\sungeui\openccl\metis-4.0\lib\.\debug\metis.lib
d:\sungeui\openccl\metis-4.0\lib\debug\metis.tlog\cl.command.1.tlog
d:\sungeui\openccl\metis-4.0\lib\debug\metis.tlog\cl.read.1.tlog
d:\sungeui\openccl\metis-4.0\lib\debug\metis.tlog\cl.write.1.tlog
d:\sungeui\openccl\metis-4.0\lib\debug\metis.tlog\lib-link.read.1.tlog
d:\sungeui\openccl\metis-4.0\lib\debug\metis.tlog\lib-link.write.1.tlog
d:\sungeui\openccl\metis-4.0\lib\debug\metis.tlog\lib.command.1.tlog
