d:\sungeui\openccl\metis-4.0\lib\release\vc120.pdb
d:\sungeui\openccl\metis-4.0\lib\release\mbalance.obj
d:\sungeui\openccl\metis-4.0\lib\release\match.obj
d:\sungeui\openccl\metis-4.0\lib\release\kwayvolrefine.obj
d:\sungeui\openccl\metis-4.0\lib\release\kwayvolfm.obj
d:\sungeui\openccl\metis-4.0\lib\release\kwayrefine.obj
d:\sungeui\openccl\metis-4.0\lib\release\kwayfm.obj
d:\sungeui\openccl\metis-4.0\lib\release\kvmetis.obj
d:\sungeui\openccl\metis-4.0\lib\release\kmetis.obj
d:\sungeui\openccl\metis-4.0\lib\release\initpart.obj
d:\sungeui\openccl\metis-4.0\lib\release\graph.obj
d:\sungeui\openccl\metis-4.0\lib\release\frename.obj
d:\sungeui\openccl\metis-4.0\lib\release\fortran.obj
d:\sungeui\openccl\metis-4.0\lib\release\fm.obj
d:\sungeui\openccl\metis-4.0\lib\release\estmem.obj
d:\sungeui\openccl\metis-4.0\lib\release\debug.obj
d:\sungeui\openccl\metis-4.0\lib\release\compress.obj
d:\sungeui\openccl\metis-4.0\lib\release\coarsen.obj
d:\sungeui\openccl\metis-4.0\lib\release\ccgraph.obj
d:\sungeui\openccl\metis-4.0\lib\release\bucketsort.obj
d:\sungeui\openccl\metis-4.0\lib\release\balance.obj
d:\sungeui\openccl\metis-4.0\lib\release\myqsort.obj
d:\sungeui\openccl\metis-4.0\lib\release\mutil.obj
d:\sungeui\openccl\metis-4.0\lib\release\mrefine2.obj
d:\sungeui\openccl\metis-4.0\lib\release\mrefine.obj
d:\sungeui\openccl\metis-4.0\lib\release\mpmetis.obj
d:\sungeui\openccl\metis-4.0\lib\release\mmd.obj
d:\sungeui\openccl\metis-4.0\lib\release\mmatch.obj
d:\sungeui\openccl\metis-4.0\lib\release\mkwayrefine.obj
d:\sungeui\openccl\metis-4.0\lib\release\mkwayfmh.obj
d:\sungeui\openccl\metis-4.0\lib\release\mkmetis.obj
d:\sungeui\openccl\metis-4.0\lib\release\minitpart2.obj
d:\sungeui\openccl\metis-4.0\lib\release\minitpart.obj
d:\sungeui\openccl\metis-4.0\lib\release\mincover.obj
d:\sungeui\openccl\metis-4.0\lib\release\mfm2.obj
d:\sungeui\openccl\metis-4.0\lib\release\mfm.obj
d:\sungeui\openccl\metis-4.0\lib\release\meshpart.obj
d:\sungeui\openccl\metis-4.0\lib\release\mesh.obj
d:\sungeui\openccl\metis-4.0\lib\release\memory.obj
d:\sungeui\openccl\metis-4.0\lib\release\mcoarsen.obj
d:\sungeui\openccl\metis-4.0\lib\release\mbalance2.obj
d:\sungeui\openccl\metis-4.0\lib\release\util.obj
d:\sungeui\openccl\metis-4.0\lib\release\timing.obj
d:\sungeui\openccl\metis-4.0\lib\release\subdomains.obj
d:\sungeui\openccl\metis-4.0\lib\release\stat.obj
d:\sungeui\openccl\metis-4.0\lib\release\srefine.obj
d:\sungeui\openccl\metis-4.0\lib\release\sfm.obj
d:\sungeui\openccl\metis-4.0\lib\release\separator.obj
d:\sungeui\openccl\metis-4.0\lib\release\refine.obj
d:\sungeui\openccl\metis-4.0\lib\release\pqueue.obj
d:\sungeui\openccl\metis-4.0\lib\release\pmetis.obj
d:\sungeui\openccl\metis-4.0\lib\release\parmetis.obj
d:\sungeui\openccl\metis-4.0\lib\release\ometis.obj
d:\sungeui\openccl\metis-4.0\lib\release\metis.lib
d:\sungeui\openccl\metis-4.0\lib\.\release\metis.lib
d:\sungeui\openccl\metis-4.0\lib\release\metis.tlog\cl.command.1.tlog
d:\sungeui\openccl\metis-4.0\lib\release\metis.tlog\cl.read.1.tlog
d:\sungeui\openccl\metis-4.0\lib\release\metis.tlog\cl.write.1.tlog
d:\sungeui\openccl\metis-4.0\lib\release\metis.tlog\lib-link.read.1.tlog
d:\sungeui\openccl\metis-4.0\lib\release\metis.tlog\lib-link.write.1.tlog
d:\sungeui\openccl\metis-4.0\lib\release\metis.tlog\lib.command.1.tlog
